<?xml version="1.0" encoding="UTF-8"?>
<testng-results ignored="0" total="1" passed="1" failed="0" skipped="0">
  <reporter-output>
  </reporter-output>
  <suite started-at="2023-07-07T12:51:47 IST" name="Default suite" finished-at="2023-07-07T12:54:42 IST" duration-ms="174906">
    <groups>
    </groups>
    <test started-at="2023-07-07T12:51:47 IST" name="Default test" finished-at="2023-07-07T12:54:42 IST" duration-ms="174906">
      <class name="testprjt.Protest">
        <test-method is-config="true" signature="setup()[pri:0, instance:testprjt.Protest@74751b3]" started-at="2023-07-07T12:51:47 IST" name="setup" finished-at="2023-07-07T12:52:23 IST" duration-ms="36376" status="PASS">
          <reporter-output>
          </reporter-output>
        </test-method> <!-- setup -->
        <test-method signature="testing()[pri:0, instance:testprjt.Protest@74751b3]" started-at="2023-07-07T12:52:23 IST" name="testing" finished-at="2023-07-07T12:54:42 IST" duration-ms="138451" status="PASS">
          <reporter-output>
          </reporter-output>
        </test-method> <!-- testing -->
      </class> <!-- testprjt.Protest -->
    </test> <!-- Default test -->
  </suite> <!-- Default suite -->
</testng-results>
